+ set -euo pipefail
+++ dirname scripts/setup.sh
++ cd scripts
++ pwd
+ SCRIPT_DIR=/home/diguest/Projects/mthesis/scripts
++ cd /home/diguest/Projects/mthesis/scripts/..
++ pwd
+ REPO_ROOT=/home/diguest/Projects/mthesis
+ GMT_DIR=/home/diguest/Projects/mthesis/green-metrics-tool
+ KWA_ENV_EXAMPLE=/home/diguest/Projects/mthesis/kwa/.env.example
+ KWA_GO_MOD=/home/diguest/Projects/mthesis/kwa/go.mod
+ GMT_REPO_URL=https://github.com/green-coding-solutions/green-metrics-tool.git
+ API_URL_DEFAULT=http://api.green-coding.internal:9142
+ METRICS_URL_DEFAULT=http://metrics.green-coding.internal:9142
+ NEEDS_RELOGIN=false
+ INSTALL_WARNINGS=()
+ main
+ require_file /home/diguest/Projects/mthesis/kwa/go.mod
+ local path=/home/diguest/Projects/mthesis/kwa/go.mod
+ '[' -f /home/diguest/Projects/mthesis/kwa/go.mod ']'
+ require_file /home/diguest/Projects/mthesis/kwa/.env.example
+ local path=/home/diguest/Projects/mthesis/kwa/.env.example
+ '[' -f /home/diguest/Projects/mthesis/kwa/.env.example ']'
+ require_linux_ubuntu
++ uname -s
+ '[' Linux = Linux ']'
+ '[' -f /etc/os-release ']'
+ source /etc/os-release
++ PRETTY_NAME='Ubuntu 24.04.2 LTS'
++ NAME=Ubuntu
++ VERSION_ID=24.04
++ VERSION='24.04.2 LTS (Noble Numbat)'
++ VERSION_CODENAME=noble
++ ID=ubuntu
++ ID_LIKE=debian
++ HOME_URL=https://www.ubuntu.com/
++ SUPPORT_URL=https://help.ubuntu.com/
++ BUG_REPORT_URL=https://bugs.launchpad.net/ubuntu/
++ PRIVACY_POLICY_URL=https://www.ubuntu.com/legal/terms-and-policies/privacy-policy
++ UBUNTU_CODENAME=noble
++ LOGO=ubuntu-logo
+ '[' ubuntu = ubuntu ']'
+ case "${VERSION_ID:-}" in
+ log 'Detected Ubuntu 24.04.'
+ printf '[setup] %s\n' 'Detected Ubuntu 24.04.'
[setup] Detected Ubuntu 24.04.
+ ensure_sudo
+ command -v sudo
+ log 'Validating sudo access...'
+ printf '[setup] %s\n' 'Validating sudo access...'
[setup] Validating sudo access...
+ sudo -v
+ ensure_base_tools
+ apt_update
+ log 'Running apt-get update...'
+ printf '[setup] %s\n' 'Running apt-get update...'
[setup] Running apt-get update...
+ sudo apt-get update -y
Atg:1 https://download.docker.com/linux/ubuntu noble InRelease
Atg:2 http://security.ubuntu.com/ubuntu noble-security InRelease
Atg:3 https://packages.microsoft.com/repos/code stable InRelease
Atg:4 https://pt.archive.ubuntu.com/ubuntu noble InRelease
Atg:5 https://pt.archive.ubuntu.com/ubuntu noble-updates InRelease
Atg:6 https://pt.archive.ubuntu.com/ubuntu noble-backports InRelease
A ler as listas de pacotes...
+ apt_install_missing ca-certificates curl git make gcc gnupg lsb-release software-properties-common
+ packages=('ca-certificates' 'curl' 'git' 'make' 'gcc' 'gnupg' 'lsb-release' 'software-properties-common')
+ local -a packages
+ missing=()
+ local -a missing
+ local pkg
+ for pkg in "${packages[@]}"
+ dpkg -s ca-certificates
+ for pkg in "${packages[@]}"
+ dpkg -s curl
+ for pkg in "${packages[@]}"
+ dpkg -s git
+ for pkg in "${packages[@]}"
+ dpkg -s make
+ for pkg in "${packages[@]}"
+ dpkg -s gcc
+ for pkg in "${packages[@]}"
+ dpkg -s gnupg
+ for pkg in "${packages[@]}"
+ dpkg -s lsb-release
+ for pkg in "${packages[@]}"
+ dpkg -s software-properties-common
+ '[' 0 -gt 0 ']'
+ log 'All required apt packages already installed.'
+ printf '[setup] %s\n' 'All required apt packages already installed.'
[setup] All required apt packages already installed.
+ ensure_python312
+ local py312_bin=
+ command -v python3.12
++ command -v python3.12
+ py312_bin=/usr/bin/python3.12
+ '[' -n /usr/bin/python3.12 ']'
+ /usr/bin/python3.12 -c 'import sys; raise SystemExit(0 if sys.version_info[:2] == (3, 12) else 1)'
+ log 'Using Python 3.12 at: /usr/bin/python3.12'
+ printf '[setup] %s\n' 'Using Python 3.12 at: /usr/bin/python3.12'
[setup] Using Python 3.12 at: /usr/bin/python3.12
+ ensure_docker
+ local docker_missing=false
+ command -v docker
+ '[' false = true ']'
+ log 'Docker command found.'
+ printf '[setup] %s\n' 'Docker command found.'
[setup] Docker command found.
+ docker compose version
+ command -v systemctl
+ log 'Ensuring Docker daemon is enabled and running...'
+ printf '[setup] %s\n' 'Ensuring Docker daemon is enabled and running...'
[setup] Ensuring Docker daemon is enabled and running...
+ sudo systemctl enable --now docker
Synchronizing state of docker.service with SysV service script with /usr/lib/systemd/systemd-sysv-install.
Executing: /usr/lib/systemd/systemd-sysv-install enable docker
+ id -nG root
+ tr ' ' '\n'
+ grep -qx docker
+ docker version
+ log 'Docker daemon is reachable for current user.'
+ printf '[setup] %s\n' 'Docker daemon is reachable for current user.'
[setup] Docker daemon is reachable for current user.
+ ensure_go_version
+ local required
++ get_go_required_version
++ require_file /home/diguest/Projects/mthesis/kwa/go.mod
++ local path=/home/diguest/Projects/mthesis/kwa/go.mod
++ '[' -f /home/diguest/Projects/mthesis/kwa/go.mod ']'
++ awk '/^go[[:space:]]+/ {print $2; exit}' /home/diguest/Projects/mthesis/kwa/go.mod
+ required=1.26.0
+ '[' -n 1.26.0 ']'
+ local required_tag=go1.26.0
+ local current_tag=
+ command -v go
++ go version
++ awk '{print $3}'
+ current_tag=go1.26.0
+ '[' go1.26.0 = go1.26.0 ']'
+ log 'Go version already matches requirement: go1.26.0'
+ printf '[setup] %s\n' 'Go version already matches requirement: go1.26.0'
[setup] Go version already matches requirement: go1.26.0
+ return
+ ensure_gmt_checkout
+ '[' -e /home/diguest/Projects/mthesis/green-metrics-tool ']'
+ prompt_overwrite_gmt
+ local reply
+ printf '[setup] '\''%s'\'' already exists. Overwrite it? [y/N]: ' /home/diguest/Projects/mthesis/green-metrics-tool
[setup] '/home/diguest/Projects/mthesis/green-metrics-tool' already exists. Overwrite it? [y/N]: + read -r reply
+ case "$reply" in
+ log 'Keeping existing GMT directory.'
+ printf '[setup] %s\n' 'Keeping existing GMT directory.'
[setup] Keeping existing GMT directory.
+ '[' '!' -d /home/diguest/Projects/mthesis/green-metrics-tool ']'
+ '[' -f /home/diguest/Projects/mthesis/green-metrics-tool/install_linux.sh ']'
+ run_gmt_install_best_effort
+ local db_password
++ read_env_default DATABASE_PASSWORD /home/diguest/Projects/mthesis/kwa/.env.example
++ local key=DATABASE_PASSWORD
++ local file=/home/diguest/Projects/mthesis/kwa/.env.example
++ local value
++ '[' -f /home/diguest/Projects/mthesis/kwa/.env.example ']'
+++ grep -E '^DATABASE_PASSWORD=' /home/diguest/Projects/mthesis/kwa/.env.example
+++ tail -n1
+++ cut -d= -f2-
++ value=postgres
++ printf %s postgres
+ db_password=postgres
+ '[' -z postgres ']'
+ local py312
++ command -v python3.12
+ py312=/usr/bin/python3.12
+ '[' -n /usr/bin/python3.12 ']'
+ local pyshim
++ mktemp -d
+ pyshim=/tmp/tmp.zPYg4LR3HL
+ ln -s /usr/bin/python3.12 /tmp/tmp.zPYg4LR3HL/python3
+ base_args=('-L' '-T' '-z' '-f' '-J' '-a' 'http://api.green-coding.internal:9142' '-m' 'http://metrics.green-coding.internal:9142' '-p' 'postgres')
+ local -a base_args
+ attempt_codes=('' 'I' 'S' 'R' 'IS' 'IR' 'SR' 'ISR')
+ local -a attempt_codes
+ local attempt
+ local chosen_code=
+ for attempt in "${!attempt_codes[@]}"
+ local code=
+ build_provider_skip_flags ''
+ local code=
+ ATTEMPT_FLAGS=()
+ [[ '' == *I* ]]
+ [[ '' == *S* ]]
+ [[ '' == *R* ]]
